<?xml version="1.0" encoding="UTF-8"?>
<!-- Generated by org.testng.reporters.JUnitXMLReporter -->
<testsuite ignored="0" hostname="LAPTOP-J50UHHCV" failures="3" tests="9" name="Test" time="0.14" errors="0" timestamp="2023-02-17T14:13:16 IST">
  <testcase classname="BatchExecution.Test3" name="demo1" time="0.017"/>
  <testcase classname="BatchExecution.Test3" name="demo2" time="0.004">
    <failure type="java.lang.AssertionError" message="null">
      <![CDATA[java.lang.AssertionError: null
at BatchExecution.Test3.demo2(Test3.java:18)
at java.base/java.util.ArrayList.forEach(ArrayList.java:1511)
... Removed 29 stack frames]]>
    </failure>
  </testcase> <!-- demo2 -->
  <testcase classname="BatchExecution.Test3" name="demo3" time="0.002"/>
  <testcase classname="BatchExecution.Test2" name="demo1" time="0.002"/>
  <testcase classname="BatchExecution.Test2" name="demo2" time="0.003"/>
  <testcase classname="BatchExecution.Test2" name="demo3" time="0.002">
    <failure type="java.lang.AssertionError" message="null">
      <![CDATA[java.lang.AssertionError: null
at BatchExecution.Test2.demo3(Test2.java:24)
at java.base/java.util.ArrayList.forEach(ArrayList.java:1511)
... Removed 29 stack frames]]>
    </failure>
  </testcase> <!-- demo3 -->
  <testcase classname="BatchExecution.Test1" name="demo1" time="0.002">
    <failure type="java.lang.AssertionError" message="null">
      <![CDATA[java.lang.AssertionError: null
at BatchExecution.Test1.demo1(Test1.java:12)
at java.base/java.util.ArrayList.forEach(ArrayList.java:1511)
... Removed 29 stack frames]]>
    </failure>
  </testcase> <!-- demo1 -->
  <testcase classname="BatchExecution.Test1" name="demo2" time="0.001"/>
  <testcase classname="BatchExecution.Test1" name="demo3" time="0.001"/>
</testsuite> <!-- Test -->
