<?xml version="1.0" encoding="UTF-8"?>
<!-- Generated by org.testng.reporters.JUnitXMLReporter -->
<testsuite ignored="6" hostname="LAPTOP-J50UHHCV" failures="0" tests="3" name="Test(failed)" time="0.088" errors="0" timestamp="2023-02-17T14:14:38 IST">
  <testcase classname="BatchExecution.Test3" name="demo2" time="0.013"/>
  <testcase classname="BatchExecution.Test2" name="demo3" time="0.002"/>
  <testcase classname="BatchExecution.Test1" name="demo1" time="0.001"/>
  <testcase classname="BatchExecution.Test3" name="demo3" time="0.0">
    <ignored/>
  </testcase> <!-- demo3 -->
  <testcase classname="BatchExecution.Test2" name="demo1" time="0.0">
    <ignored/>
  </testcase> <!-- demo1 -->
  <testcase classname="BatchExecution.Test1" name="demo2" time="0.0">
    <ignored/>
  </testcase> <!-- demo2 -->
  <testcase classname="BatchExecution.Test3" name="demo1" time="0.0">
    <ignored/>
  </testcase> <!-- demo1 -->
  <testcase classname="BatchExecution.Test2" name="demo2" time="0.0">
    <ignored/>
  </testcase> <!-- demo2 -->
  <testcase classname="BatchExecution.Test1" name="demo3" time="0.0">
    <ignored/>
  </testcase> <!-- demo3 -->
</testsuite> <!-- Test(failed) -->
