<?xml version="1.0" encoding="UTF-8"?>
<testng-results ignored="0" total="2" passed="2" failed="0" skipped="0">
  <reporter-output>
  </reporter-output>
  <suite started-at="2023-02-20T21:05:30 IST" name="Default suite" finished-at="2023-02-20T21:05:45 IST" duration-ms="15134">
    <groups>
    </groups>
    <test started-at="2023-02-20T21:05:30 IST" name="Default test" finished-at="2023-02-20T21:05:45 IST" duration-ms="15134">
      <class name="TestNg.DependsOnMethods">
        <test-method signature="navigateToActitime()[pri:0, instance:TestNg.DependsOnMethods@73ee04c8]" started-at="2023-02-20T21:05:30 IST" name="navigateToActitime" finished-at="2023-02-20T21:05:40 IST" duration-ms="10305" status="PASS">
          <reporter-output>
          </reporter-output>
        </test-method> <!-- navigateToActitime -->
        <test-method signature="loginActitime()[pri:0, instance:TestNg.DependsOnMethods@73ee04c8]" started-at="2023-02-20T21:05:40 IST" name="loginActitime" finished-at="2023-02-20T21:05:45 IST" depends-on-methods="TestNg.DependsOnMethods.navigateToActitime" duration-ms="4733" status="PASS">
          <reporter-output>
          </reporter-output>
        </test-method> <!-- loginActitime -->
      </class> <!-- TestNg.DependsOnMethods -->
    </test> <!-- Default test -->
  </suite> <!-- Default suite -->
</testng-results>
